level=info msg="DB WAS CONECTED"
level=info msg=Login
level=info msg="User found"
level=info msg="{1 1 1}"
level=info msg="1[]"
level=info msg="DB WAS CONECTED"
level=info msg=Registration
level=info msg="User created{1 1 MQ==}"
level=info msg="[]"
level=info msg=Registration
level=info msg="User created{1 1 MQ==}"
level=info msg="[]"
level=info msg=Login
level=info msg="User found"
level=info msg="{1 1 MQ==}"
level=info msg="1[49]"
level=info msg="Password is ok"
level=info msg="[]"
level=info msg=Login
level=info msg="User found"
level=info msg="{1 1 MQ==}"
level=info msg="1[49]"
level=info msg="Password is ok"
level=info msg="[]"
level=info msg=Login
level=info msg="User found"
level=info msg="{1 1 MQ==}"
level=info msg="1[49]"
level=info msg="Password is ok"
level=info msg="[]"
level=info msg=Login
level=info msg="User found"
level=info msg="{1 1 MQ==}"
level=info msg="1[49]"
level=info msg="Password is ok"
level=info msg="[]"
level=info msg="DB WAS CONECTED"
level=info msg=Login
level=info msg="User found"
level=info msg="{1 1 MQ==}"
level=info msg="1[49]"
level=info msg="Password is ok"
level=info msg="[]"
level=info msg="[{1 1 1 normal true}]"
level=info msg="DB WAS CONECTED"
level=info msg=Login
level=info msg="User found"
level=info msg="{1 1 MQ==}"
level=info msg="[49]"
level=info msg=Login
level=info msg="User found"
level=info msg="{1 1 MQ==}"
level=info msg="1[49]"
level=info msg="Password is ok"
level=info msg="[{1 1 1 normal true}]"
level=info msg="[{1 1 1 normal true} {1 13 2 later true}]"
level=info msg="[{1 1 1 normal true} {1 13 2 later true}]"
level=info msg=Login
level=info msg="User found"
level=info msg="{1 1 MQ==}"
level=info msg="1[49]"
level=info msg="Password is ok"
level=info msg="[{1 1 1 normal true} {1 13 2 later true}]"
level=info msg="DB WAS CONECTED"
level=info msg=Login
level=info msg="User found"
level=info msg="{1 1 MQ==}"
level=info msg="1[49]"
level=info msg="Password is ok"
level=info msg="[{1 1 1 normal true} {1 13 2 later true}]"
level=info msg="[{1 1 1 normal true} {1 13 2 later true} {1 23 4 important true}]"
level=info msg="DB WAS CONECTED"
level=info msg=Registration
level=info msg="User created{test test MQ==}"
level=info msg="[]"
level=info msg="[{test test task context important true}]"
level=info msg="DB WAS CONECTED"
level=info msg=Login
level=error msg="ERROR User not found"
level=info msg=Registration
level=info msg="User created{1 1 MQ==}"
level=info msg="[{test test task context important true}]"
level=info msg=Login
level=info msg="User found"
level=info msg="{1 1 MQ==}"
level=info msg="1[49]"
level=info msg="Password is ok"
level=info msg="[{test test task context important true}]"
level=info msg=Login
level=info msg="User found"
level=info msg="{1 1 MQ==}"
level=info msg="1[49]"
level=info msg="Password is ok"
level=info msg="[{test test task context important true}]"
level=info msg="[{test test task context important true} {1 123 123 later true}]"
level=info msg="DB WAS CONECTED"
level=info msg=Login
level=error msg="ERROR User not found"
level=info msg=Login
level=error msg="ERROR User not found"
level=info msg=Login
level=error msg="ERROR User not found"
level=info msg=Login
level=error msg="ERROR User not found"
level=info msg=Login
level=error msg="ERROR User not found"
level=info msg=Login
level=info msg="User found"
level=info msg="{1 1 MQ==}"
level=info msg="1[49]"
level=info msg="Password is ok"
level=info msg="[{test test task context important true} {1 123 123 later true}]"
level=info msg=Login
level=info msg="User found"
level=info msg="{test test MQ==}"
level=info msg="1[49]"
level=info msg="Password is ok"
level=info msg="[{test test task context important true} {1 123 123 later true}]"
level=info msg="DB WAS CONECTED"
level=info msg=Login
level=info msg="User found"
level=info msg="{1 1 MQ==}"
level=info msg="1[49]"
level=info msg="Password is ok"
level=info msg="[{test test task context important true} {1 123 123 later true}]"
level=info msg="DB WAS CONECTED"
level=info msg=Login
level=info msg="User found"
level=info msg="{1 1 MQ==}"
level=info msg="1[49]"
level=info msg="Password is ok"
level=info msg="[{test test task context important true} {1 123 123 later true}]"
level=info msg="DB WAS CONECTED"
level=info msg=Login
level=info msg="User found"
level=info msg="{1 1 MQ==}"
level=info msg="1[49]"
level=info msg="Password is ok"
level=info msg="[{test test task context important true} {1 123 123 later true}]"
level=info msg="DB WAS CONECTED"
level=info msg=Login
level=info msg="User found"
level=info msg="{1 1 MQ==}"
level=info msg="1[49]"
level=info msg="Password is ok"
level=info msg="[{test test task context important true} {1 123 123 later true}]"
level=info msg="[{test test task context important true} {1 123 123 later true} {1 233 442 important true}]"
level=info msg=Registration
level=info msg="User created{5 5 NQ==}"
level=info msg="[{test test task context important true} {1 123 123 later true} {1 233 442 important true}]"
level=info msg="[{test test task context important true} {1 123 123 later true} {1 233 442 important true} {5 1 1 normal true}]"
level=info msg="[{test test task context important true} {1 123 123 later true} {1 233 442 important true} {5 1 1 normal true} {5 434 344 later true}]"
level=info msg="DB WAS CONECTED"
level=info msg=Login
level=info msg="User found"
level=info msg="{1 1 MQ==}"
level=info msg="1[49]"
level=info msg="Password is ok"
level=info msg="[{test test task context important true} {1 123 123 later true} {1 233 442 important true} {5 1 1 normal true} {5 434 344 later true}]"
level=info msg="DB WAS CONECTED"
level=info msg="DB WAS CONECTED"
level=info msg="DB WAS CONECTED"
level=info msg=Login
level=info msg="User found"
level=info msg="{1 1 MQ==}"
level=info msg="1[49]"
level=info msg="Password is ok"
level=info msg="[{test test task context important true} {1 123 123 later true} {1 233 442 important true} {5 1 1 normal true} {5 434 344 later true}]"
level=info msg="DB WAS CONECTED"
level=info msg=Login
level=info msg="User found"
level=info msg="{1 1 MQ==}"
level=info msg="1[49]"
level=info msg="Password is ok"
level=info msg="[{test test task context important true} {1 123 123 later true} {1 233 442 important true} {5 1 1 normal true} {5 434 344 later true}]"
level=info msg="DB WAS CONECTED"
level=info msg=Login
level=info msg="User found"
level=info msg="{1 1 MQ==}"
level=info msg="1[49]"
level=info msg="Password is ok"
level=info msg="[{test test task context important true} {1 123 123 later true} {1 233 442 important true} {5 1 1 normal true} {5 434 344 later true}]"
level=info msg="DB WAS CONECTED"
level=info msg=Login
level=info msg="User found"
level=info msg="{1 1 MQ==}"
level=info msg="1[49]"
level=info msg="Password is ok"
level=info msg="[{test test task context important true} {1 123 123 later true} {1 233 442 important true} {5 1 1 normal true} {5 434 344 later true}]"
level=info msg="DB WAS CONECTED"
level=info msg=Login
level=info msg="User found"
level=info msg="{1 1 MQ==}"
level=info msg="1[49]"
level=info msg="Password is ok"
level=info msg="[{test test task context important true} {1 123 123 later true} {1 233 442 important true} {5 1 1 normal true} {5 434 344 later true}]"
level=info msg=Registration
level=error msg="User create error"
level=info msg=Registration
level=info msg="User created{555 5 NTU=}"
level=info msg="[{test test task context important true} {1 123 123 later true} {1 233 442 important true} {5 1 1 normal true} {5 434 344 later true}]"
level=info msg="DB WAS CONECTED"
level=info msg=Login
level=info msg="User found"
level=info msg="{555 5 NTU=}"
level=info msg="55[53 53]"
level=info msg="Password is ok"
level=info msg="[{test test task context important true} {1 123 123 later true} {1 233 442 important true} {5 1 1 normal true} {5 434 344 later true}]"
level=info msg="DB WAS CONECTED"
level=info msg=Login
level=info msg="User found"
level=info msg="{555 5 NTU=}"
level=info msg="55[53 53]"
level=info msg="Password is ok"
level=info msg="[{test test task context important true} {1 123 123 later true} {1 233 442 important true} {5 1 1 normal true} {5 434 344 later true}]"
level=info msg="DB WAS CONECTED"
level=info msg=Login
level=info msg="User found"
level=info msg="{555 5 NTU=}"
level=info msg="55[53 53]"
level=info msg="Password is ok"
level=info msg="[{test test task context important true} {1 123 123 later true} {1 233 442 important true} {5 1 1 normal true} {5 434 344 later true}]"
level=info msg="DB WAS CONECTED"
level=info msg=Login
level=info msg="User found"
level=info msg="{555 5 NTU=}"
level=info msg="55[53 53]"
level=info msg="Password is ok"
level=info msg="[{test test task context important true} {1 123 123 later true} {1 233 442 important true} {5 1 1 normal true} {5 434 344 later true}]"
level=info msg="[{test test task context important true} {1 123 123 later true} {1 233 442 important true} {5 1 1 normal true} {5 434 344 later true}]"
level=info msg="[{test test task context important true} {1 123 123 later true} {1 233 442 important true} {5 1 1 normal true} {5 434 344 later true} {555 111 111 important true}]"
level=info msg="DB WAS CONECTED"
level=info msg=Login
level=info msg="User found"
level=info msg="{555 5 NTU=}"
level=info msg="55[53 53]"
level=info msg="Password is ok"
level=info msg="[{test test task context important true} {1 123 123 later true} {1 233 442 important true} {5 1 1 normal true} {5 434 344 later true} {555 111 111 important true}]"
level=info msg="DB WAS CONECTED"
level=info msg=Login
level=info msg="User found"
level=info msg="{555 5 NTU=}"
level=info msg="55[53 53]"
level=info msg="Password is ok"
level=info msg="[{test test task context important true} {1 123 123 later true} {1 233 442 important true} {5 1 1 normal true} {5 434 344 later true} {555 111 111 important true}]"
level=info msg="DB WAS CONECTED"
level=info msg=Login
level=info msg="User found"
level=info msg="{555 5 NTU=}"
level=info msg="55[53 53]"
level=info msg="Password is ok"
level=info msg="[{test test task context important true} {1 123 123 later true} {1 233 442 important true} {5 1 1 normal true} {5 434 344 later true} {555 111 111 important true}]"
level=info msg="DB WAS CONECTED"
level=info msg=Login
level=info msg="User found"
level=info msg="{555 5 NTU=}"
level=info msg="55[53 53]"
level=info msg="Password is ok"
level=info msg="[{test test task context important true} {1 123 123 later true} {1 233 442 important true} {5 1 1 normal true} {5 434 344 later true} {555 111 111 important false}]"
level=info msg="DB WAS CONECTED"
level=info msg=Login
level=info msg="User found"
level=info msg="{555 5 NTU=}"
level=info msg="55[53 53]"
level=info msg="Password is ok"
level=info msg="[{test test task context important true} {1 123 123 later true} {1 233 442 important true} {5 1 1 normal true} {5 434 344 later true} {555 111 111 important false}]"
level=info msg=Login
level=info msg="User found"
level=info msg="{555 5 NTU=}"
level=info msg="55[53 53]"
level=info msg="Password is ok"
level=info msg="[{test test task context important true} {1 123 123 later true} {1 233 442 important true} {5 1 1 normal true} {5 434 344 later true}]"
level=info msg=Login
level=info msg="User found"
level=info msg="{555 5 NTU=}"
level=info msg="55[53 53]"
level=info msg="Password is ok"
level=info msg="[{test test task context important true} {1 123 123 later true} {1 233 442 important true} {5 1 1 normal true} {5 434 344 later true}]"
level=info msg="[{test test task context important true} {1 123 123 later true} {1 233 442 important true} {5 1 1 normal true} {5 434 344 later true} {555 1233 23123 important true}]"
level=info msg=Login
level=info msg="User found"
level=info msg="{555 5 NTU=}"
level=info msg="55[53 53]"
level=info msg="Password is ok"
level=info msg="[{test test task context important true} {1 123 123 later true} {1 233 442 important true} {5 1 1 normal true} {5 434 344 later true} {555 1233 23123 important false}]"
level=info msg=Login
level=info msg="User found"
level=info msg="{555 5 NTU=}"
level=info msg="55[53 53]"
level=info msg="Password is ok"
level=info msg="[{test test task context important true} {1 123 123 later true} {1 233 442 important true} {5 1 1 normal true} {5 434 344 later true}]"
level=info msg="DB WAS CONECTED"
level=info msg=Login
level=info msg="User found"
level=info msg="{555 5 NTU=}"
level=info msg="55[53 53]"
level=info msg="Password is ok"
level=info msg="[{test test task context important true} {1 123 123 later true} {1 233 442 important true} {5 1 1 normal true} {5 434 344 later true}]"
level=info msg="[{test test task context important true} {1 123 123 later true} {1 233 442 important true} {5 1 1 normal true} {5 434 344 later true} {555 213 21 later true}]"
level=info msg="DB WAS CONECTED"
level=info msg=Login
level=info msg="User found"
level=info msg="{555 5 NTU=}"
level=info msg="55[53 53]"
level=info msg="Password is ok"
level=info msg="[{test test task context important true} {1 123 123 later true} {1 233 442 important true} {5 1 1 normal true} {5 434 344 later true} {555 213 21 later true}]"
level=info msg="DB WAS CONECTED"
level=info msg=Login
level=info msg="User found"
level=info msg="{555 5 NTU=}"
level=info msg="55[53 53]"
level=info msg="Password is ok"
level=info msg="[{test test task context important true} {1 123 123 later true} {1 233 442 important true} {5 1 1 normal true} {5 434 344 later true} {555 213 21 later false}]"
level=info msg="DB WAS CONECTED"
level=info msg=Login
level=info msg="User found"
level=info msg="{555 5 NTU=}"
level=info msg="55[53 53]"
level=info msg="Password is ok"
level=info msg="[{test test task context important true} {1 123 123 later true} {1 233 442 important true} {5 1 1 normal true} {5 434 344 later true}]"
level=info msg="DB WAS CONECTED"
level=info msg=Login
level=info msg="User found"
level=info msg="{555 5 NTU=}"
level=info msg="55[53 53]"
level=info msg="Password is ok"
level=info msg="[{test test task context important true} {1 123 123 later true} {1 233 442 important true} {5 1 1 normal true} {5 434 344 later true}]"
level=info msg="DB WAS CONECTED"
level=info msg=Login
level=info msg="User found"
level=info msg="{555 5 NTU=}"
level=info msg="55[53 53]"
level=info msg="Password is ok"
level=info msg="[{test test task context important true} {1 123 123 later true} {1 233 442 important true} {5 1 1 normal true} {5 434 344 later true}]"
level=info msg="DB WAS CONECTED"
level=info msg=Login
level=info msg="User found"
level=info msg="{555 5 NTU=}"
level=info msg="55[53 53]"
level=info msg="Password is ok"
level=info msg="[{test test task context important true} {1 123 123 later true} {1 233 442 important true} {5 1 1 normal true} {5 434 344 later true}]"
level=info msg="DB WAS CONECTED"
level=info msg=Registration
level=info msg="User created{215 512 MQ==}"
level=info msg="[{test test task context important true} {1 123 123 later true} {1 233 442 important true} {5 1 1 normal true} {5 434 344 later true}]"
level=info msg="DB WAS CONECTED"
level=info msg=Login
level=info msg="User found"
level=info msg="{215 512 MQ==}"
level=info msg="1[49]"
level=info msg="Password is ok"
level=info msg="[{test test task context important true} {1 123 123 later true} {1 233 442 important true} {5 1 1 normal true} {5 434 344 later true}]"
level=info msg="[{test test task context important true} {1 123 123 later true} {1 233 442 important true} {5 1 1 normal true} {5 434 344 later true} {215 2 22 important true}]"
level=info msg="DB WAS CONECTED"
level=info msg=Login
level=info msg="User found"
level=info msg="{215 512 MQ==}"
level=info msg="1[49]"
level=info msg="Password is ok"
level=info msg="[{test test task context important true} {1 123 123 later true} {1 233 442 important true} {5 1 1 normal true} {5 434 344 later true} {215 2 22 important true}]"
level=info msg="DB WAS CONECTED"
level=info msg=Login
level=info msg="User found"
level=info msg="{215 512 MQ==}"
level=info msg="1[49]"
level=info msg="Password is ok"
level=info msg="[{test test task context important true} {1 123 123 later true} {1 233 442 important true} {5 1 1 normal true} {5 434 344 later true} {215 2 22 important false}]"
level=info msg="DB WAS CONECTED"
level=info msg=Login
level=info msg="User found"
level=info msg="{215 512 MQ==}"
level=info msg="1[49]"
level=info msg="Password is ok"
level=info msg="[{test test task context important true} {1 123 123 later true} {1 233 442 important true} {5 1 1 normal true} {5 434 344 later true}]"
