level=error msg="Pasword is WRONG"
level=info msg="Successful registration{1 1 MQ==}"
level=info msg="Successful registration{1 1 MQ==}"
level=info msg="Successful login{1 1 1}"
level=info msg="Successful login{1 1 1}"
level=info msg="Successful login{1 1 1}"
level=info msg="Successful login{1 1 1}"
level=info msg="Successful login{1  1}"
level=error msg="Pasword is WRONG"
level=info msg="Successful login{1  1}"
level=info msg="Successful login{1  1}"
level=info msg="Successful login{1 1 1}"
level=info msg="Successful registration{test test MQ==}"
level=error msg="ERROR User not found"
level=info msg="Successful registration{1 1 MQ==}"
level=info msg="Successful login{1 1 1}"
level=info msg="Successful login{1 1 1}"
level=error msg="ERROR User not found"
level=error msg="ERROR User not found"
level=error msg="ERROR User not found"
level=error msg="ERROR User not found"
level=error msg="ERROR User not found"
level=info msg="Successful login{1  1}"
level=info msg="Successful login{test  1}"
level=info msg="Successful login{1  1}"
level=info msg="Successful login{1  1}"
level=info msg="Successful login{1  1}"
level=info msg="Successful login{1  1}"
level=info msg="Successful registration{5 5 NQ==}"
level=info msg="Successful login{1  1}"
level=error msg="open configs/config.json: The system cannot find the file specified."
level=info msg="Successful login{1  1}"
level=info msg="Successful login{1  1}"
level=error msg="open configs/UserConfig.json: The system cannot find the file specified."
level=info msg="Successful login{1  1}"
level=info msg="Successful login{1  1}"
level=info msg="Successful login{1  1}"
level=error msg="ОШИБКА: повторяющееся значение ключа нарушает ограничение уникальности \"users_username_key\" (SQLSTATE 23505)"
level=info msg="Successful registration{555 5 NTU=}"
level=info msg="Successful login{555  55}"
level=info msg="Successful login{555  55}"
level=info msg="Successful login{555  55}"
level=info msg="Successful login{555  55}"
level=info msg="Successful login{555  55}"
level=info msg="Successful login{555  55}"
level=info msg="Successful login{555  55}"
level=info msg="Successful login{555  55}"
level=info msg="Successful login{555  55}"
level=info msg="Successful login{555  55}"
level=info msg="Successful login{555  55}"
level=info msg="Successful login{555  55}"
level=info msg="Successful login{555  55}"
level=info msg="Successful login{555  55}"
level=info msg="Successful login{555  55}"
level=info msg="Successful login{555  55}"
level=info msg="Successful login{555  55}"
level=info msg="Successful login{555  55}"
level=info msg="Successful login{555  55}"
level=info msg="Successful login{555  55}"
level=info msg="Successful registration{215 512 MQ==}"
level=info msg="Successful login{215  1}"
level=info msg="Successful login{215  1}"
level=info msg="Successful login{215  1}"
level=info msg="Successful login{215  1}"
