level=info msg="CREATE New Task Item"
level=info msg="Task:No tasks"
level=info msg="{ No tasks  none false}"
level=info msg="t STATUS false"
level=info msg="TASK:No tasks was done and update"
level=info msg="In the end"
level=info msg="RETURN Task Item"
level=info msg="CREATE Task List Widget"
level=info msg="[{{ No tasks  none false} false none 0xc0004aac40}]"
level=info msg="RETURN task list widget"
level=info msg="CREATE New Task Item"
level=info msg="Task:No tasks"
level=info msg="{ No tasks  none false}"
level=info msg="t STATUS false"
level=info msg="TASK:No tasks was done and update"
level=info msg="In the end"
level=info msg="RETURN Task Item"
level=info msg="CREATE Task List Widget"
level=info msg="[{{ No tasks  none false} false none 0xc000468540}]"
level=info msg="RETURN task list widget"
level=info msg="CREATE New Task Item"
level=info msg="Task:No tasks"
level=info msg="{ No tasks  none false}"
level=info msg="t STATUS false"
level=info msg="TASK:No tasks was done and update"
level=info msg="In the end"
level=info msg="RETURN Task Item"
level=info msg="CREATE Task List Widget"
level=info msg="[{{ No tasks  none false} false none 0xc0002f70c0}]"
level=info msg="RETURN task list widget"
level=info msg="CREATE New Task Item"
level=info msg="Task:No tasks"
level=info msg="{ No tasks  none false}"
level=info msg="t STATUS false"
level=info msg="TASK:No tasks was done and update"
level=info msg="In the end"
level=info msg="RETURN Task Item"
level=info msg="CREATE Task List Widget"
level=info msg="[{{ No tasks  none false} false none 0xc000e9e340}]"
level=info msg="RETURN task list widget"
level=info msg="CREATE New Task Item"
level=info msg="Task:No tasks"
level=info msg="{ No tasks  none false}"
level=info msg="t STATUS false"
level=info msg="TASK:No tasks was done and update"
level=info msg="In the end"
level=info msg="RETURN Task Item"
level=info msg="CREATE Task List Widget"
level=info msg="[{{ No tasks  none false} false none 0xc0005f7980}]"
level=info msg="RETURN task list widget"
level=info msg="CREATE New Task Item"
level=info msg="Task:No tasks"
level=info msg="{ No tasks  none false}"
level=info msg="t STATUS false"
level=info msg="TASK:No tasks was done and update"
level=info msg="In the end"
level=info msg="RETURN Task Item"
level=info msg="CREATE Task List Widget"
level=info msg="[{{ No tasks  none false} false none 0xc000e9fdc0}]"
level=info msg="RETURN task list widget"
level=info msg="CREATE New Task Item"
level=info msg="Task:No tasks"
level=info msg="{ No tasks  none false}"
level=info msg="t STATUS false"
level=info msg="TASK:No tasks was done and update"
level=info msg="In the end"
level=info msg="RETURN Task Item"
level=info msg="CREATE Task List Widget"
level=info msg="[{{ No tasks  none false} false none 0xc0006ca000}]"
level=info msg="RETURN task list widget"
level=info msg="CREATE New Task Item"
level=info msg="Task:1"
level=info msg="{1 1 1 normal true}"
level=info msg="t STATUS true"
level=info msg="In the end"
level=info msg="RETURN Task Item"
level=info msg="CREATE Task List Widget"
level=info msg="[{{1 1 1 normal true} true normal 0xc0004fbd40}]"
level=info msg="RETURN task list widget"
level=info msg="CREATE New Task Item"
level=info msg="Task:1"
level=info msg="{1 1 1 normal true}"
level=info msg="t STATUS true"
level=info msg="In the end"
level=info msg="RETURN Task Item"
level=info msg="CREATE Task List Widget"
level=info msg="[{{1 1 1 normal true} true normal 0xc00033c1c0}]"
level=info msg="RETURN task list widget"
level=info msg="CREATE New Task Item"
level=info msg="Task:1"
level=info msg="{1 1 1 normal true}"
level=info msg="t STATUS true"
level=info msg="In the end"
level=info msg="RETURN Task Item"
level=info msg="CREATE New Task Item"
level=info msg="Task:13"
level=info msg="{1 13 2 later true}"
level=info msg="t STATUS true"
level=info msg="In the end"
level=info msg="RETURN Task Item"
level=info msg="CREATE Task List Widget"
level=info msg="[{{1 1 1 normal true} true normal 0xc0010b5540} {{1 13 2 later true} true later 0xc0010b5840}]"
level=info msg="RETURN task list widget"
level=info msg="CREATE New Task Item"
level=info msg="Task:1"
level=info msg="{1 1 1 normal true}"
level=info msg="t STATUS true"
level=info msg="In the end"
level=info msg="RETURN Task Item"
level=info msg="CREATE New Task Item"
level=info msg="Task:13"
level=info msg="{1 13 2 later true}"
level=info msg="t STATUS true"
level=info msg="In the end"
level=info msg="RETURN Task Item"
level=info msg="CREATE Task List Widget"
level=info msg="[{{1 1 1 normal true} true normal 0xc000f87f80} {{1 13 2 later true} true later 0xc0011cc280}]"
level=info msg="RETURN task list widget"
level=info msg="CREATE New Task Item"
level=info msg="Task:1"
level=info msg="{1 1 1 normal true}"
level=info msg="t STATUS true"
level=info msg="In the end"
level=info msg="RETURN Task Item"
level=info msg="CREATE New Task Item"
level=info msg="Task:13"
level=info msg="{1 13 2 later true}"
level=info msg="t STATUS true"
level=info msg="In the end"
level=info msg="RETURN Task Item"
level=info msg="CREATE Task List Widget"
level=info msg="[{{1 1 1 normal true} true normal 0xc0011cca80} {{1 13 2 later true} true later 0xc0011ccd80}]"
level=info msg="RETURN task list widget"
level=info msg="CREATE New Task Item"
level=info msg="Task:1"
level=info msg="{1 1 1 normal true}"
level=info msg="t STATUS true"
level=info msg="In the end"
level=info msg="RETURN Task Item"
level=info msg="CREATE New Task Item"
level=info msg="Task:13"
level=info msg="{1 13 2 later true}"
level=info msg="t STATUS true"
level=info msg="In the end"
level=info msg="RETURN Task Item"
level=info msg="CREATE Task List Widget"
level=info msg="[{{1 1 1 normal true} true normal 0xc0000437c0} {{1 13 2 later true} true later 0xc000043ac0}]"
level=info msg="RETURN task list widget"
level=info msg="CREATE New Task Item"
level=info msg="Task:1"
level=info msg="{1 1 1 normal true}"
level=info msg="t STATUS true"
level=info msg="In the end"
level=info msg="RETURN Task Item"
level=info msg="CREATE New Task Item"
level=info msg="Task:13"
level=info msg="{1 13 2 later true}"
level=info msg="t STATUS true"
level=info msg="In the end"
level=info msg="RETURN Task Item"
level=info msg="CREATE New Task Item"
level=info msg="Task:23"
level=info msg="{1 23 4 important true}"
level=info msg="t STATUS true"
level=info msg="In the end"
level=info msg="RETURN Task Item"
level=info msg="CREATE Task List Widget"
level=info msg="[{{1 1 1 normal true} true normal 0xc0010024c0} {{1 13 2 later true} true later 0xc0010027c0} {{1 23 4 important true} true important 0xc001002ac0}]"
level=info msg="RETURN task list widget"
level=info msg="CREATE New Task Item"
level=info msg="Task:No tasks"
level=info msg="{ No tasks  none false}"
level=info msg="t STATUS false"
level=info msg="TASK:No tasks was done and update"
level=info msg="In the end"
level=info msg="RETURN Task Item"
level=info msg="CREATE Task List Widget"
level=info msg="[{{ No tasks  none false} false none 0xc00041f780}]"
level=info msg="RETURN task list widget"
level=info msg="CREATE New Task Item"
level=info msg="Task:test task"
level=info msg="{test test task context important true}"
level=info msg="t STATUS true"
level=info msg="In the end"
level=info msg="RETURN Task Item"
level=info msg="CREATE Task List Widget"
level=info msg="[{{test test task context important true} true important 0xc00065a500}]"
level=info msg="RETURN task list widget"
level=info msg="CREATE New Task Item"
level=info msg="Task:No tasks"
level=info msg="{ No tasks  none false}"
level=info msg="t STATUS false"
level=info msg="TASK:No tasks was done and update"
level=info msg="In the end"
level=info msg="RETURN Task Item"
level=info msg="CREATE Task List Widget"
level=info msg="[{{ No tasks  none false} false none 0xc0006a6a00}]"
level=info msg="RETURN task list widget"
level=info msg="CREATE New Task Item"
level=info msg="Task:No tasks"
level=info msg="{ No tasks  none false}"
level=info msg="t STATUS false"
level=info msg="TASK:No tasks was done and update"
level=info msg="In the end"
level=info msg="RETURN Task Item"
level=info msg="CREATE Task List Widget"
level=info msg="[{{ No tasks  none false} false none 0xc00100cb00}]"
level=info msg="RETURN task list widget"
level=info msg="CREATE New Task Item"
level=info msg="Task:No tasks"
level=info msg="{ No tasks  none false}"
level=info msg="t STATUS false"
level=info msg="TASK:No tasks was done and update"
level=info msg="In the end"
level=info msg="RETURN Task Item"
level=info msg="CREATE Task List Widget"
level=info msg="[{{ No tasks  none false} false none 0xc0006a7ac0}]"
level=info msg="RETURN task list widget"
level=info msg="CREATE New Task Item"
level=info msg="Task:123"
level=info msg="{1 123 123 later true}"
level=info msg="t STATUS true"
level=info msg="In the end"
level=info msg="RETURN Task Item"
level=info msg="CREATE Task List Widget"
level=info msg="[{{1 123 123 later true} true later 0xc0006068c0}]"
level=info msg="RETURN task list widget"
level=info msg="CREATE New Task Item"
level=info msg="Task:123"
level=info msg="{1 123 123 later true}"
level=info msg="t STATUS true"
level=info msg="In the end"
level=info msg="RETURN Task Item"
level=info msg="CREATE Task List Widget"
level=info msg="[{{1 123 123 later true} true later 0xc001227340}]"
level=info msg="RETURN task list widget"
level=info msg="CREATE New Task Item"
level=info msg="Task:test task"
level=info msg="{test test task context important true}"
level=info msg="t STATUS true"
level=info msg="In the end"
level=info msg="RETURN Task Item"
level=info msg="CREATE Task List Widget"
level=info msg="[{{test test task context important true} true important 0xc001287580}]"
level=info msg="RETURN task list widget"
level=info msg="CREATE New Task Item"
level=info msg="Task:123"
level=info msg="{1 123 123 later true}"
level=info msg="t STATUS true"
level=info msg="In the end"
level=info msg="RETURN Task Item"
level=info msg="CREATE Task List Widget"
level=info msg="[{{1 123 123 later true} true later 0xc00052b780}]"
level=info msg="RETURN task list widget"
level=info msg="CREATE New Task Item"
level=info msg="Task:123"
level=info msg="{1 123 123 later true}"
level=info msg="t STATUS true"
level=info msg="In the end"
level=info msg="RETURN Task Item"
level=info msg="CREATE Task List Widget"
level=info msg="[{{1 123 123 later true} true later 0xc00041ddc0}]"
level=info msg="RETURN task list widget"
level=info msg="CREATE New Task Item"
level=info msg="Task:123"
level=info msg="{1 123 123 later true}"
level=info msg="t STATUS true"
level=info msg="In the end"
level=info msg="RETURN Task Item"
level=info msg="CREATE Task List Widget"
level=info msg="[{{1 123 123 later true} true later 0xc000422fc0}]"
level=info msg="RETURN task list widget"
level=info msg="CREATE New Task Item"
level=info msg="Task:123"
level=info msg="{1 123 123 later true}"
level=info msg="t STATUS true"
level=info msg="In the end"
level=info msg="RETURN Task Item"
level=info msg="CREATE Task List Widget"
level=info msg="[{{1 123 123 later true} true later 0xc0005cbd80}]"
level=info msg="RETURN task list widget"
level=info msg="CREATE New Task Item"
level=info msg="Task:123"
level=info msg="{1 123 123 later true}"
level=info msg="t STATUS true"
level=info msg="In the end"
level=info msg="RETURN Task Item"
level=info msg="CREATE New Task Item"
level=info msg="Task:233"
level=info msg="{1 233 442 important true}"
level=info msg="t STATUS true"
level=info msg="In the end"
level=info msg="RETURN Task Item"
level=info msg="CREATE Task List Widget"
level=info msg="[{{1 123 123 later true} true later 0xc000edcac0} {{1 233 442 important true} true important 0xc000edcdc0}]"
level=info msg="RETURN task list widget"
level=info msg="CREATE New Task Item"
level=info msg="Task:No tasks"
level=info msg="{ No tasks  none false}"
level=info msg="t STATUS false"
level=info msg="TASK:No tasks was done and update"
level=info msg="In the end"
level=info msg="RETURN Task Item"
level=info msg="CREATE Task List Widget"
level=info msg="[{{ No tasks  none false} false none 0xc000edc940}]"
level=info msg="RETURN task list widget"
level=info msg="CREATE New Task Item"
level=info msg="Task:1"
level=info msg="{5 1 1 normal true}"
level=info msg="t STATUS true"
level=info msg="In the end"
level=info msg="RETURN Task Item"
level=info msg="CREATE Task List Widget"
level=info msg="[{{5 1 1 normal true} true normal 0xc000546040}]"
level=info msg="RETURN task list widget"
level=info msg="CREATE New Task Item"
level=info msg="Task:1"
level=info msg="{5 1 1 normal true}"
level=info msg="t STATUS true"
level=info msg="In the end"
level=info msg="RETURN Task Item"
level=info msg="CREATE New Task Item"
level=info msg="Task:434"
level=info msg="{5 434 344 later true}"
level=info msg="t STATUS true"
level=info msg="In the end"
level=info msg="RETURN Task Item"
level=info msg="CREATE Task List Widget"
level=info msg="[{{5 1 1 normal true} true normal 0xc000315240} {{5 434 344 later true} true later 0xc000315940}]"
level=info msg="RETURN task list widget"
level=info msg="CREATE New Task Item"
level=info msg="Task:123"
level=info msg="{1 123 123 later true}"
level=info msg="t STATUS true"
level=info msg="In the end"
level=info msg="RETURN Task Item"
level=info msg="CREATE New Task Item"
level=info msg="Task:233"
level=info msg="{1 233 442 important true}"
level=info msg="t STATUS true"
level=info msg="In the end"
level=info msg="RETURN Task Item"
level=info msg="CREATE Task List Widget"
level=info msg="[{{1 123 123 later true} true later 0xc0000ece40} {{1 233 442 important true} true important 0xc0000ed200}]"
level=info msg="RETURN task list widget"
level=info msg="CREATE New Task Item"
level=info msg="Task:123"
level=info msg="{1 123 123 later true}"
level=info msg="t STATUS true"
level=info msg="In the end"
level=info msg="RETURN Task Item"
level=info msg="CREATE New Task Item"
level=info msg="Task:233"
level=info msg="{1 233 442 important true}"
level=info msg="t STATUS true"
level=info msg="In the end"
level=info msg="RETURN Task Item"
level=info msg="CREATE Task List Widget"
level=info msg="[{{1 123 123 later true} true later 0xc00030e200} {{1 233 442 important true} true important 0xc00030e500}]"
level=info msg="RETURN task list widget"
level=info msg="CREATE New Task Item"
level=info msg="Task:123"
level=info msg="{1 123 123 later true}"
level=info msg="t STATUS true"
level=info msg="In the end"
level=info msg="RETURN Task Item"
level=info msg="CREATE New Task Item"
level=info msg="Task:233"
level=info msg="{1 233 442 important true}"
level=info msg="t STATUS true"
level=info msg="In the end"
level=info msg="RETURN Task Item"
level=info msg="CREATE Task List Widget"
level=info msg="[{{1 123 123 later true} true later 0xc000421340} {{1 233 442 important true} true important 0xc0004216c0}]"
level=info msg="RETURN task list widget"
level=info msg="CREATE New Task Item"
level=info msg="Task:123"
level=info msg="{1 123 123 later true}"
level=info msg="t STATUS true"
level=info msg="In the end"
level=info msg="RETURN Task Item"
level=info msg="CREATE New Task Item"
level=info msg="Task:233"
level=info msg="{1 233 442 important true}"
level=info msg="t STATUS true"
level=info msg="In the end"
level=info msg="RETURN Task Item"
level=info msg="CREATE Task List Widget"
level=info msg="[{{1 123 123 later true} true later 0xc00049c980} {{1 233 442 important true} true important 0xc00049cc80}]"
level=info msg="RETURN task list widget"
level=info msg="CREATE New Task Item"
level=info msg="Task:123"
level=info msg="{1 123 123 later true}"
level=info msg="t STATUS true"
level=info msg="In the end"
level=info msg="RETURN Task Item"
level=info msg="CREATE New Task Item"
level=info msg="Task:233"
level=info msg="{1 233 442 important true}"
level=info msg="t STATUS true"
level=info msg="In the end"
level=info msg="RETURN Task Item"
level=info msg="CREATE Task List Widget"
level=info msg="[{{1 123 123 later true} true later 0xc000496780} {{1 233 442 important true} true important 0xc00006c680}]"
level=info msg="RETURN task list widget"
level=info msg="CREATE New Task Item"
level=info msg="Task:123"
level=info msg="{1 123 123 later true}"
level=info msg="t STATUS true"
level=info msg="In the end"
level=info msg="RETURN Task Item"
level=info msg="CREATE New Task Item"
level=info msg="Task:233"
level=info msg="{1 233 442 important true}"
level=info msg="t STATUS true"
level=info msg="In the end"
level=info msg="RETURN Task Item"
level=info msg="CREATE Task List Widget"
level=info msg="[{{1 123 123 later true} true later 0xc0005a2980} {{1 233 442 important true} true important 0xc0005a2c80}]"
level=info msg="RETURN task list widget"
level=info msg="CREATE New Task Item"
level=info msg="Task:No tasks"
level=info msg="{ No tasks  none false}"
level=info msg="t STATUS false"
level=info msg="TASK:No tasks was done and update"
level=info msg="In the end"
level=info msg="RETURN Task Item"
level=info msg="CREATE Task List Widget"
level=info msg="[{{ No tasks  none false} false none 0xc0002bc000}]"
level=info msg="RETURN task list widget"
level=info msg="CREATE New Task Item"
level=info msg="Task:No tasks"
level=info msg="{ No tasks  none false}"
level=info msg="t STATUS false"
level=info msg="TASK:No tasks was done and update"
level=info msg="In the end"
level=info msg="RETURN Task Item"
level=info msg="CREATE Task List Widget"
level=info msg="[{{ No tasks  none false} false none 0xc0005fe340}]"
level=info msg="RETURN task list widget"
level=info msg="CREATE New Task Item"
level=info msg="Task:No tasks"
level=info msg="{ No tasks  none false}"
level=info msg="t STATUS false"
level=info msg="TASK:No tasks was done and update"
level=info msg="In the end"
level=info msg="RETURN Task Item"
level=info msg="CREATE Task List Widget"
level=info msg="[{{ No tasks  none false} false none 0xc0000438c0}]"
level=info msg="RETURN task list widget"
level=info msg="CREATE New Task Item"
level=info msg="Task:No tasks"
level=info msg="{ No tasks  none false}"
level=info msg="t STATUS false"
level=info msg="TASK:No tasks was done and update"
level=info msg="In the end"
level=info msg="RETURN Task Item"
level=info msg="CREATE Task List Widget"
level=info msg="[{{ No tasks  none false} false none 0xc0003c8980}]"
level=info msg="RETURN task list widget"
level=info msg="CREATE New Task Item"
level=info msg="Task:No tasks"
level=info msg="{ No tasks  none false}"
level=info msg="t STATUS false"
level=info msg="TASK:No tasks was done and update"
level=info msg="In the end"
level=info msg="RETURN Task Item"
level=info msg="CREATE Task List Widget"
level=info msg="[{{ No tasks  none false} false none 0xc00041b300}]"
level=info msg="RETURN task list widget"
level=info msg="CREATE New Task Item"
level=info msg="Task:No tasks"
level=info msg="{ No tasks  none false}"
level=info msg="t STATUS false"
level=info msg="TASK:No tasks was done and update"
level=info msg="In the end"
level=info msg="RETURN Task Item"
level=info msg="CREATE Task List Widget"
level=info msg="[{{ No tasks  none false} false none 0xc000081c80}]"
level=info msg="RETURN task list widget"
level=info msg="CREATE New Task Item"
level=info msg="Task:111"
level=info msg="{555 111 111 important true}"
level=info msg="t STATUS true"
level=info msg="In the end"
level=info msg="RETURN Task Item"
level=info msg="CREATE Task List Widget"
level=info msg="[{{555 111 111 important true} true important 0xc000f1d980}]"
level=info msg="RETURN task list widget"
level=info msg="CREATE New Task Item"
level=info msg="Task:111"
level=info msg="{555 111 111 important true}"
level=info msg="t STATUS true"
level=info msg="In the end"
level=info msg="RETURN Task Item"
level=info msg="CREATE Task List Widget"
level=info msg="[{{555 111 111 important true} true important 0xc00049ff00}]"
level=info msg="RETURN task list widget"
level=info msg="CREATE New Task Item"
level=info msg="Task:111"
level=info msg="{555 111 111 important true}"
level=info msg="t STATUS true"
level=info msg="In the end"
level=info msg="RETURN Task Item"
level=info msg="CREATE Task List Widget"
level=info msg="[{{555 111 111 important true} true important 0xc000042dc0}]"
level=info msg="RETURN task list widget"
level=info msg="CREATE New Task Item"
level=info msg="Task:111"
level=info msg="{555 111 111 important true}"
level=info msg="t STATUS true"
level=info msg="In the end"
level=info msg="RETURN Task Item"
level=info msg="CREATE Task List Widget"
level=info msg="[{{555 111 111 important true} true important 0xc0000a0c40}]"
level=info msg="RETURN task list widget"
level=info msg="TASK:111 was done and update"
level=info msg="CREATE New Task Item"
level=info msg="Task:111"
level=info msg="{555 111 111 important false}"
level=info msg="t STATUS false"
level=info msg="TASK:111 was done and update"
level=info msg="In the end"
level=info msg="RETURN Task Item"
level=info msg="CREATE Task List Widget"
level=info msg="[{{555 111 111 important false} false important 0xc00041f500}]"
level=info msg="RETURN task list widget"
level=info msg="CREATE New Task Item"
level=info msg="Task:111"
level=info msg="{555 111 111 important false}"
level=info msg="t STATUS false"
level=info msg="TASK:111 was done and update"
level=info msg="In the end"
level=info msg="RETURN Task Item"
level=info msg="CREATE Task List Widget"
level=info msg="[{{555 111 111 important false} false important 0xc00075bb00}]"
level=info msg="RETURN task list widget"
level=info msg="TASK:111 was delete"
level=info msg="CREATE New Task Item"
level=info msg="Task:No tasks"
level=info msg="{ No tasks  none false}"
level=info msg="t STATUS false"
level=info msg="TASK:No tasks was done and update"
level=info msg="In the end"
level=info msg="RETURN Task Item"
level=info msg="CREATE Task List Widget"
level=info msg="[{{ No tasks  none false} false none 0xc0002c15c0}]"
level=info msg="RETURN task list widget"
level=info msg="CREATE New Task Item"
level=info msg="Task:No tasks"
level=info msg="{ No tasks  none false}"
level=info msg="t STATUS false"
level=info msg="TASK:No tasks was done and update"
level=info msg="In the end"
level=info msg="RETURN Task Item"
level=info msg="CREATE Task List Widget"
level=info msg="[{{ No tasks  none false} false none 0xc00036c5c0}]"
level=info msg="RETURN task list widget"
level=info msg="CREATE New Task Item"
level=info msg="Task:1233"
level=info msg="{555 1233 23123 important true}"
level=info msg="t STATUS true"
level=info msg="In the end"
level=info msg="RETURN Task Item"
level=info msg="CREATE Task List Widget"
level=info msg="[{{555 1233 23123 important true} true important 0xc0010a51c0}]"
level=info msg="RETURN task list widget"
level=info msg="TASK:1233 was done and update"
level=info msg="CREATE New Task Item"
level=info msg="Task:1233"
level=info msg="{555 1233 23123 important false}"
level=info msg="t STATUS false"
level=info msg="TASK:1233 was done and update"
level=info msg="In the end"
level=info msg="RETURN Task Item"
level=info msg="CREATE Task List Widget"
level=info msg="[{{555 1233 23123 important false} false important 0xc0010f9240}]"
level=info msg="RETURN task list widget"
level=info msg="TASK:1233 was delete"
level=info msg="CREATE New Task Item"
level=info msg="Task:No tasks"
level=info msg="{ No tasks  none false}"
level=info msg="t STATUS false"
level=info msg="TASK:No tasks was done and update"
level=info msg="In the end"
level=info msg="RETURN Task Item"
level=info msg="CREATE Task List Widget"
level=info msg="[{{ No tasks  none false} false none 0xc000558600}]"
level=info msg="RETURN task list widget"
level=info msg="CREATE New Task Item"
level=info msg="Task:No tasks"
level=info msg="{ No tasks  none false}"
level=info msg="t STATUS false"
level=info msg="TASK:No tasks was done and update"
level=info msg="In the end"
level=info msg="RETURN Task Item"
level=info msg="CREATE Task List Widget"
level=info msg="[{{ No tasks  none false} false none 0xc000186000}]"
level=info msg="RETURN task list widget"
level=info msg="CREATE New Task Item"
level=info msg="Task:213"
level=info msg="{555 213 21 later true}"
level=info msg="t STATUS true"
level=info msg="In the end"
level=info msg="RETURN Task Item"
level=info msg="CREATE Task List Widget"
level=info msg="[{{555 213 21 later true} true later 0xc0002fa080}]"
level=info msg="RETURN task list widget"
level=info msg="CREATE New Task Item"
level=info msg="Task:213"
level=info msg="{555 213 21 later true}"
level=info msg="t STATUS true"
level=info msg="In the end"
level=info msg="RETURN Task Item"
level=info msg="CREATE Task List Widget"
level=info msg="[{{555 213 21 later true} true later 0xc0004a0e80}]"
level=info msg="RETURN task list widget"
level=info msg="TASK:213 was done and update"
level=info msg="CREATE New Task Item"
level=info msg="Task:213"
level=info msg="{555 213 21 later false}"
level=info msg="t STATUS false"
level=info msg="TASK:213 was done and update"
level=info msg="In the end"
level=info msg="RETURN Task Item"
level=info msg="CREATE Task List Widget"
level=info msg="[{{555 213 21 later false} false later 0xc000122200}]"
level=info msg="RETURN task list widget"
level=info msg="TASK:213 was delete"
level=info msg="CREATE New Task Item"
level=info msg="Task:No tasks"
level=info msg="{ No tasks  none false}"
level=info msg="t STATUS false"
level=info msg="TASK:No tasks was done and update"
level=info msg="In the end"
level=info msg="RETURN Task Item"
level=info msg="CREATE Task List Widget"
level=info msg="[{{ No tasks  none false} false none 0xc0001e8400}]"
level=info msg="RETURN task list widget"
level=info msg="CREATE New Task Item"
level=info msg="Task:No tasks"
level=info msg="{ No tasks  none false}"
level=info msg="t STATUS false"
level=info msg="TASK:No tasks was done and update"
level=info msg="In the end"
level=info msg="RETURN Task Item"
level=info msg="CREATE Task List Widget"
level=info msg="[{{ No tasks  none false} false none 0xc00052c580}]"
level=info msg="RETURN task list widget"
level=info msg="CREATE New Task Item"
level=info msg="Task:No tasks"
level=info msg="{ No tasks  none false}"
level=info msg="t STATUS false"
level=info msg="TASK:No tasks was done and update"
level=info msg="In the end"
level=info msg="RETURN Task Item"
level=info msg="CREATE Task List Widget"
level=info msg="[{{ No tasks  none false} false none 0xc000421cc0}]"
level=info msg="RETURN task list widget"
level=info msg="CREATE New Task Item"
level=info msg="Task:No tasks"
level=info msg="{ No tasks  none false}"
level=info msg="t STATUS false"
level=info msg="TASK:No tasks was done and update"
level=info msg="In the end"
level=info msg="RETURN Task Item"
level=info msg="CREATE Task List Widget"
level=info msg="[{{ No tasks  none false} false none 0xc0004fd5c0}]"
level=info msg="RETURN task list widget"
level=info msg="CREATE New Task Item"
level=info msg="Task:No tasks"
level=info msg="{ No tasks  none false}"
level=info msg="t STATUS false"
level=info msg="TASK:No tasks was done and update"
level=info msg="In the end"
level=info msg="RETURN Task Item"
level=info msg="CREATE Task List Widget"
level=info msg="[{{ No tasks  none false} false none 0xc0004207c0}]"
level=info msg="RETURN task list widget"
level=info msg="CREATE New Task Item"
level=info msg="Task:No tasks"
level=info msg="{ No tasks  none false}"
level=info msg="t STATUS false"
level=info msg="TASK:No tasks was done and update"
level=info msg="In the end"
level=info msg="RETURN Task Item"
level=info msg="CREATE Task List Widget"
level=info msg="[{{ No tasks  none false} false none 0xc000610100}]"
level=info msg="RETURN task list widget"
level=info msg="CREATE New Task Item"
level=info msg="Task:2"
level=info msg="{215 2 22 important true}"
level=info msg="t STATUS true"
level=info msg="In the end"
level=info msg="RETURN Task Item"
level=info msg="CREATE Task List Widget"
level=info msg="[{{215 2 22 important true} true important 0xc0004d9fc0}]"
level=info msg="RETURN task list widget"
level=info msg="CREATE New Task Item"
level=info msg="Task:2"
level=info msg="{215 2 22 important true}"
level=info msg="t STATUS true"
level=info msg="In the end"
level=info msg="RETURN Task Item"
level=info msg="CREATE Task List Widget"
level=info msg="[{{215 2 22 important true} true important 0xc0002be2c0}]"
level=info msg="RETURN task list widget"
level=info msg="TASK:2 was done and update"
level=info msg="CREATE New Task Item"
level=info msg="Task:2"
level=info msg="{215 2 22 important false}"
level=info msg="t STATUS false"
level=info msg="TASK:2 was done and update"
level=info msg="In the end"
level=info msg="RETURN Task Item"
level=info msg="CREATE Task List Widget"
level=info msg="[{{215 2 22 important false} false important 0xc000105200}]"
level=info msg="RETURN task list widget"
level=info msg="TASK:2 was delete"
level=info msg="CREATE New Task Item"
level=info msg="Task:No tasks"
level=info msg="{ No tasks  none false}"
level=info msg="t STATUS false"
level=info msg="TASK:No tasks was done and update"
level=info msg="In the end"
level=info msg="RETURN Task Item"
level=info msg="CREATE Task List Widget"
level=info msg="[{{ No tasks  none false} false none 0xc000043080}]"
level=info msg="RETURN task list widget"
